<?xml version="1.0" encoding="UTF-8"?>
<!-- Generated by org.testng.reporters.JUnitReportReporter -->
<testsuite hostname="Shree-Ram" failures="0" tests="1" name="tests.CreateAccountTest" time="0.534" errors="0" timestamp="2022-02-11T10:03:18 EST" skipped="0">
  <testcase classname="tests.CreateAccountTest" name="test" time="0.534"/>
  <system-out/>
</testsuite> <!-- tests.CreateAccountTest -->
