<?xml version="1.0" encoding="UTF-8"?>
<!-- Generated by org.testng.reporters.JUnitReportReporter -->
<testsuite hostname="Shree-Ram" failures="0" tests="2" name="tests.LoginPageTest" time="26.746" errors="0" timestamp="2022-02-09T16:49:53 EST" skipped="0">
  <testcase classname="tests.LoginPageTest" name="loginPageTitletest" time="12.750"/>
  <system-out/>
  <testcase classname="tests.LoginPageTest" name="createAccountTest" time="13.996"/>
  <system-out/>
</testsuite> <!-- tests.LoginPageTest -->
