<?xml version="1.0" encoding="UTF-8"?>
<!-- Generated by org.testng.reporters.JUnitReportReporter -->
<testsuite hostname="Shree-Ram" failures="0" tests="3" name="tests.LoginPageTest" time="45.355" errors="0" timestamp="2022-02-10T12:12:41 EST" skipped="0">
  <testcase classname="tests.LoginPageTest" name="loginPageTitletest" time="12.202"/>
  <system-out/>
  <testcase classname="tests.LoginPageTest" name="newTabTest" time="14.976"/>
  <system-out/>
  <testcase classname="tests.LoginPageTest" name="createAccountTest" time="18.177"/>
  <system-out/>
</testsuite> <!-- tests.LoginPageTest -->
